This file contains any messages produced by compilers while
running configure, to aid debugging if configure makes a mistake.

It was created by primesieve configure 5.7.3, which was
generated by GNU Autoconf 2.69.  Invocation command line was

  $ ./configure 

## --------- ##
## Platform. ##
## --------- ##

hostname = hal.nikolic.lan
uname -m = x86_64
uname -r = 4.8.14-200.fc24.x86_64
uname -s = Linux
uname -v = #1 SMP Mon Dec 12 16:31:37 UTC 2016

/usr/bin/uname -p = x86_64
/bin/uname -X     = unknown

/bin/arch              = x86_64
/usr/bin/arch -k       = unknown
/usr/convex/getsysinfo = unknown
/usr/bin/hostinfo      = unknown
/bin/machine           = unknown
/usr/bin/oslevel       = unknown
/bin/universe          = unknown

PATH: /home/dgn/bin
PATH: /usr/lib64/qt-3.3/bin
PATH: /home/dgn/bin
PATH: /usr/local/bin
PATH: /usr/local/sbin
PATH: /usr/bin
PATH: /usr/sbin


## ----------- ##
## Core tests. ##
## ----------- ##

configure:2360: checking for a BSD-compatible install
configure:2428: result: /usr/bin/install -c
configure:2439: checking whether build environment is sane
configure:2494: result: yes
configure:2645: checking for a thread-safe mkdir -p
configure:2684: result: /usr/bin/mkdir -p
configure:2691: checking for gawk
configure:2707: found /usr/bin/gawk
configure:2718: result: gawk
configure:2729: checking whether make sets $(MAKE)
configure:2751: result: yes
configure:2780: checking whether make supports nested variables
configure:2797: result: yes
configure:2934: checking whether make supports nested variables
configure:2951: result: yes
configure:2963: checking whether to enable maintainer-specific portions of Makefiles
configure:2972: result: no
configure:3033: checking for gcc
configure:3049: found /usr/bin/gcc
configure:3060: result: gcc
configure:3289: checking for C compiler version
configure:3298: gcc --version >&5
gcc (GCC) 6.3.1 20161221 (Red Hat 6.3.1-1)
Copyright (C) 2016 Free Software Foundation, Inc.
This is free software; see the source for copying conditions.  There is NO
warranty; not even for MERCHANTABILITY or FITNESS FOR A PARTICULAR PURPOSE.

configure:3309: $? = 0
configure:3298: gcc -v >&5
Using built-in specs.
COLLECT_GCC=gcc
COLLECT_LTO_WRAPPER=/usr/libexec/gcc/x86_64-redhat-linux/6.3.1/lto-wrapper
Target: x86_64-redhat-linux
Configured with: ../configure --enable-bootstrap --enable-languages=c,c++,objc,obj-c++,fortran,ada,go,lto --prefix=/usr --mandir=/usr/share/man --infodir=/usr/share/info --with-bugurl=http://bugzilla.redhat.com/bugzilla --enable-shared --enable-threads=posix --enable-checking=release --enable-multilib --with-system-zlib --enable-__cxa_atexit --disable-libunwind-exceptions --enable-gnu-unique-object --enable-linker-build-id --with-linker-hash-style=gnu --enable-plugin --enable-initfini-array --disable-libgcj --with-isl --enable-libmpx --enable-gnu-indirect-function --with-tune=generic --with-arch_32=i686 --build=x86_64-redhat-linux
Thread model: posix
gcc version 6.3.1 20161221 (Red Hat 6.3.1-1) (GCC) 
configure:3309: $? = 0
configure:3298: gcc -V >&5
gcc: error: unrecognized command line option '-V'
gcc: fatal error: no input files
compilation terminated.
configure:3309: $? = 1
configure:3298: gcc -qversion >&5
gcc: error: unrecognized command line option '-qversion'; did you mean '--version'?
gcc: fatal error: no input files
compilation terminated.
configure:3309: $? = 1
configure:3329: checking whether the C compiler works
configure:3351: gcc    conftest.c  >&5
configure:3355: $? = 0
configure:3403: result: yes
configure:3406: checking for C compiler default output file name
configure:3408: result: a.out
configure:3414: checking for suffix of executables
configure:3421: gcc -o conftest    conftest.c  >&5
configure:3425: $? = 0
configure:3447: result: 
configure:3469: checking whether we are cross compiling
configure:3477: gcc -o conftest    conftest.c  >&5
configure:3481: $? = 0
configure:3488: ./conftest
configure:3492: $? = 0
configure:3507: result: no
configure:3512: checking for suffix of object files
configure:3534: gcc -c   conftest.c >&5
configure:3538: $? = 0
configure:3559: result: o
configure:3563: checking whether we are using the GNU C compiler
configure:3582: gcc -c   conftest.c >&5
configure:3582: $? = 0
configure:3591: result: yes
configure:3600: checking whether gcc accepts -g
configure:3620: gcc -c -g  conftest.c >&5
configure:3620: $? = 0
configure:3661: result: yes
configure:3678: checking for gcc option to accept ISO C89
configure:3741: gcc  -c -g -O2  conftest.c >&5
configure:3741: $? = 0
configure:3754: result: none needed
configure:3779: checking whether gcc understands -c and -o together
configure:3801: gcc -c conftest.c -o conftest2.o
configure:3804: $? = 0
configure:3801: gcc -c conftest.c -o conftest2.o
configure:3804: $? = 0
configure:3816: result: yes
configure:3844: checking for style of include used by make
configure:3872: result: GNU
configure:3898: checking dependency style of gcc
configure:4009: result: gcc3
configure:4082: checking for g++
configure:4098: found /usr/bin/g++
configure:4109: result: g++
configure:4136: checking for C++ compiler version
configure:4145: g++ --version >&5
g++ (GCC) 6.3.1 20161221 (Red Hat 6.3.1-1)
Copyright (C) 2016 Free Software Foundation, Inc.
This is free software; see the source for copying conditions.  There is NO
warranty; not even for MERCHANTABILITY or FITNESS FOR A PARTICULAR PURPOSE.

configure:4156: $? = 0
configure:4145: g++ -v >&5
Using built-in specs.
COLLECT_GCC=g++
COLLECT_LTO_WRAPPER=/usr/libexec/gcc/x86_64-redhat-linux/6.3.1/lto-wrapper
Target: x86_64-redhat-linux
Configured with: ../configure --enable-bootstrap --enable-languages=c,c++,objc,obj-c++,fortran,ada,go,lto --prefix=/usr --mandir=/usr/share/man --infodir=/usr/share/info --with-bugurl=http://bugzilla.redhat.com/bugzilla --enable-shared --enable-threads=posix --enable-checking=release --enable-multilib --with-system-zlib --enable-__cxa_atexit --disable-libunwind-exceptions --enable-gnu-unique-object --enable-linker-build-id --with-linker-hash-style=gnu --enable-plugin --enable-initfini-array --disable-libgcj --with-isl --enable-libmpx --enable-gnu-indirect-function --with-tune=generic --with-arch_32=i686 --build=x86_64-redhat-linux
Thread model: posix
gcc version 6.3.1 20161221 (Red Hat 6.3.1-1) (GCC) 
configure:4156: $? = 0
configure:4145: g++ -V >&5
g++: error: unrecognized command line option '-V'
g++: fatal error: no input files
compilation terminated.
configure:4156: $? = 1
configure:4145: g++ -qversion >&5
g++: error: unrecognized command line option '-qversion'; did you mean '--version'?
g++: fatal error: no input files
compilation terminated.
configure:4156: $? = 1
configure:4160: checking whether we are using the GNU C++ compiler
configure:4179: g++ -c   conftest.cpp >&5
configure:4179: $? = 0
configure:4188: result: yes
configure:4197: checking whether g++ accepts -g
configure:4217: g++ -c -g  conftest.cpp >&5
configure:4217: $? = 0
configure:4258: result: yes
configure:4283: checking dependency style of g++
configure:4394: result: gcc3
configure:4418: checking for g++ option to support OpenMP
configure:4433: g++ -o conftest -g -O2   conftest.cpp  >&5
conftest.cpp:13:2: error: 'choke' does not name a type
  choke me
  ^~~~~
In file included from conftest.cpp:15:0:
/usr/lib/gcc/x86_64-redhat-linux/6.3.1/include/omp.h:39:3: error: 'omp_lock_t' does not name a type
 } omp_lock_t;
   ^~~~~~~~~~
/usr/lib/gcc/x86_64-redhat-linux/6.3.1/include/omp.h:95:28: error: variable or field 'omp_init_lock' declared void
 extern void omp_init_lock (omp_lock_t *) __GOMP_NOTHROW;
                            ^~~~~~~~~~
/usr/lib/gcc/x86_64-redhat-linux/6.3.1/include/omp.h:95:28: error: 'omp_lock_t' was not declared in this scope
/usr/lib/gcc/x86_64-redhat-linux/6.3.1/include/omp.h:95:40: error: expected primary-expression before ')' token
 extern void omp_init_lock (omp_lock_t *) __GOMP_NOTHROW;
                                        ^
/usr/lib/gcc/x86_64-redhat-linux/6.3.1/include/omp.h:96:38: error: variable or field 'omp_init_lock_with_hint' declared void
 extern void omp_init_lock_with_hint (omp_lock_t *, omp_lock_hint_t)
                                      ^~~~~~~~~~
/usr/lib/gcc/x86_64-redhat-linux/6.3.1/include/omp.h:96:38: error: 'omp_lock_t' was not declared in this scope
/usr/lib/gcc/x86_64-redhat-linux/6.3.1/include/omp.h:96:50: error: expected primary-expression before ',' token
 extern void omp_init_lock_with_hint (omp_lock_t *, omp_lock_hint_t)
                                                  ^
/usr/lib/gcc/x86_64-redhat-linux/6.3.1/include/omp.h:96:67: error: expected primary-expression before ')' token
 extern void omp_init_lock_with_hint (omp_lock_t *, omp_lock_hint_t)
                                                                   ^
/usr/lib/gcc/x86_64-redhat-linux/6.3.1/include/omp.h:98:31: error: variable or field 'omp_destroy_lock' declared void
 extern void omp_destroy_lock (omp_lock_t *) __GOMP_NOTHROW;
                               ^~~~~~~~~~
/usr/lib/gcc/x86_64-redhat-linux/6.3.1/include/omp.h:98:31: error: 'omp_lock_t' was not declared in this scope
/usr/lib/gcc/x86_64-redhat-linux/6.3.1/include/omp.h:98:43: error: expected primary-expression before ')' token
 extern void omp_destroy_lock (omp_lock_t *) __GOMP_NOTHROW;
                                           ^
/usr/lib/gcc/x86_64-redhat-linux/6.3.1/include/omp.h:99:27: error: variable or field 'omp_set_lock' declared void
 extern void omp_set_lock (omp_lock_t *) __GOMP_NOTHROW;
                           ^~~~~~~~~~
/usr/lib/gcc/x86_64-redhat-linux/6.3.1/include/omp.h:99:27: error: 'omp_lock_t' was not declared in this scope
/usr/lib/gcc/x86_64-redhat-linux/6.3.1/include/omp.h:99:39: error: expected primary-expression before ')' token
 extern void omp_set_lock (omp_lock_t *) __GOMP_NOTHROW;
                                       ^
/usr/lib/gcc/x86_64-redhat-linux/6.3.1/include/omp.h:100:29: error: variable or field 'omp_unset_lock' declared void
 extern void omp_unset_lock (omp_lock_t *) __GOMP_NOTHROW;
                             ^~~~~~~~~~
/usr/lib/gcc/x86_64-redhat-linux/6.3.1/include/omp.h:100:29: error: 'omp_lock_t' was not declared in this scope
/usr/lib/gcc/x86_64-redhat-linux/6.3.1/include/omp.h:100:41: error: expected primary-expression before ')' token
 extern void omp_unset_lock (omp_lock_t *) __GOMP_NOTHROW;
                                         ^
/usr/lib/gcc/x86_64-redhat-linux/6.3.1/include/omp.h:101:27: error: 'omp_lock_t' was not declared in this scope
 extern int omp_test_lock (omp_lock_t *) __GOMP_NOTHROW;
                           ^~~~~~~~~~
/usr/lib/gcc/x86_64-redhat-linux/6.3.1/include/omp.h:101:39: error: expected primary-expression before ')' token
 extern int omp_test_lock (omp_lock_t *) __GOMP_NOTHROW;
                                       ^
/usr/lib/gcc/x86_64-redhat-linux/6.3.1/include/omp.h:104:43: error: variable or field 'omp_init_nest_lock_with_hint' declared void
 extern void omp_init_nest_lock_with_hint (omp_lock_t *, omp_lock_hint_t)
                                           ^~~~~~~~~~
/usr/lib/gcc/x86_64-redhat-linux/6.3.1/include/omp.h:104:43: error: 'omp_lock_t' was not declared in this scope
/usr/lib/gcc/x86_64-redhat-linux/6.3.1/include/omp.h:104:55: error: expected primary-expression before ',' token
 extern void omp_init_nest_lock_with_hint (omp_lock_t *, omp_lock_hint_t)
                                                       ^
/usr/lib/gcc/x86_64-redhat-linux/6.3.1/include/omp.h:104:72: error: expected primary-expression before ')' token
 extern void omp_init_nest_lock_with_hint (omp_lock_t *, omp_lock_hint_t)
                                                                        ^
configure:4433: $? = 1
configure: failed program was:
| /* confdefs.h */
| #define PACKAGE_NAME "primesieve"
| #define PACKAGE_TARNAME "primesieve"
| #define PACKAGE_VERSION "5.7.3"
| #define PACKAGE_STRING "primesieve 5.7.3"
| #define PACKAGE_BUGREPORT "kim.walisch@gmail.com"
| #define PACKAGE_URL ""
| #define PACKAGE "primesieve"
| #define VERSION "5.7.3"
| /* end confdefs.h.  */
| 
| #ifndef _OPENMP
|  choke me
| #endif
| #include <omp.h>
| int main () { return omp_get_num_threads (); }
| 
configure:4451: g++ -o conftest -g -O2 -fopenmp   conftest.cpp  >&5
configure:4451: $? = 0
configure:4465: result: -fopenmp
configure:4480: checking build system type
configure:4494: result: x86_64-pc-linux-gnu
configure:4514: checking host system type
configure:4527: result: x86_64-pc-linux-gnu
configure:4600: checking for ar
configure:4616: found /usr/bin/ar
configure:4627: result: ar
configure:4653: checking the archiver (ar) interface
configure:4669: gcc -c -g -O2  conftest.c >&5
configure:4669: $? = 0
configure:4671: ar cru libconftest.a conftest.o >&5
configure:4674: $? = 0
configure:4702: result: ar
configure:4770: checking how to print strings
configure:4797: result: printf
configure:4818: checking for a sed that does not truncate output
configure:4882: result: /usr/bin/sed
configure:4900: checking for grep that handles long lines and -e
configure:4958: result: /usr/bin/grep
configure:4963: checking for egrep
configure:5025: result: /usr/bin/grep -E
configure:5030: checking for fgrep
configure:5092: result: /usr/bin/grep -F
configure:5127: checking for ld used by gcc
configure:5194: result: /usr/bin/ld
configure:5201: checking if the linker (/usr/bin/ld) is GNU ld
configure:5216: result: yes
configure:5228: checking for BSD- or MS-compatible name lister (nm)
configure:5282: result: /usr/bin/nm -B
configure:5412: checking the name lister (/usr/bin/nm -B) interface
configure:5419: g++ -c -g -O2  conftest.cpp >&5
configure:5422: /usr/bin/nm -B "conftest.o"
configure:5425: output
0000000000000000 B some_variable
configure:5432: result: BSD nm
configure:5435: checking whether ln -s works
configure:5439: result: yes
configure:5447: checking the maximum length of command line arguments
configure:5578: result: 1572864
configure:5626: checking how to convert x86_64-pc-linux-gnu file names to x86_64-pc-linux-gnu format
configure:5666: result: func_convert_file_noop
configure:5673: checking how to convert x86_64-pc-linux-gnu file names to toolchain format
configure:5693: result: func_convert_file_noop
configure:5700: checking for /usr/bin/ld option to reload object files
configure:5707: result: -r
configure:5781: checking for objdump
configure:5797: found /usr/bin/objdump
configure:5808: result: objdump
configure:5840: checking how to recognize dependent libraries
configure:6040: result: pass_all
configure:6125: checking for dlltool
configure:6155: result: no
configure:6185: checking how to associate runtime and link libraries
configure:6212: result: printf %s\n
configure:6336: checking for archiver @FILE support
configure:6353: g++ -c -g -O2  conftest.cpp >&5
configure:6353: $? = 0
configure:6356: ar cr libconftest.a @conftest.lst >&5
configure:6359: $? = 0
configure:6364: ar cr libconftest.a @conftest.lst >&5
ar: conftest.o: No such file or directory
configure:6367: $? = 1
configure:6379: result: @
configure:6437: checking for strip
configure:6453: found /usr/bin/strip
configure:6464: result: strip
configure:6536: checking for ranlib
configure:6552: found /usr/bin/ranlib
configure:6563: result: ranlib
configure:6665: checking command to parse /usr/bin/nm -B output from gcc object
configure:6818: g++ -c -g -O2  conftest.cpp >&5
configure:6821: $? = 0
configure:6825: /usr/bin/nm -B conftest.o \| sed -n -e 's/^.*[ ]\([ABCDGIRSTW][ABCDGIRSTW]*\)[ ][ ]*\([_A-Za-z][_A-Za-z0-9]*\)$/\1 \2 \2/p' | sed '/ __gnu_lto/d' \> conftest.nm
configure:6828: $? = 0
configure:6894: g++ -o conftest -g -O2   conftest.cpp conftstm.o >&5
configure:6897: $? = 0
configure:6935: result: ok
configure:6982: checking for sysroot
configure:7012: result: no
configure:7019: checking for a working dd
configure:7057: result: /usr/bin/dd
configure:7061: checking how to truncate binary pipes
configure:7076: result: /usr/bin/dd bs=4096 count=1
configure:7212: g++ -c -g -O2  conftest.cpp >&5
configure:7215: $? = 0
configure:7405: checking for mt
configure:7435: result: no
configure:7455: checking if : is a manifest tool
configure:7461: : '-?'
configure:7469: result: no
configure:8146: checking how to run the C preprocessor
configure:8177: gcc -E  conftest.c
configure:8177: $? = 0
configure:8191: gcc -E  conftest.c
conftest.c:11:28: fatal error: ac_nonexistent.h: No such file or directory
 #include <ac_nonexistent.h>
                            ^
compilation terminated.
configure:8191: $? = 1
configure: failed program was:
| /* confdefs.h */
| #define PACKAGE_NAME "primesieve"
| #define PACKAGE_TARNAME "primesieve"
| #define PACKAGE_VERSION "5.7.3"
| #define PACKAGE_STRING "primesieve 5.7.3"
| #define PACKAGE_BUGREPORT "kim.walisch@gmail.com"
| #define PACKAGE_URL ""
| #define PACKAGE "primesieve"
| #define VERSION "5.7.3"
| /* end confdefs.h.  */
| #include <ac_nonexistent.h>
configure:8216: result: gcc -E
configure:8236: gcc -E  conftest.c
configure:8236: $? = 0
configure:8250: gcc -E  conftest.c
conftest.c:11:28: fatal error: ac_nonexistent.h: No such file or directory
 #include <ac_nonexistent.h>
                            ^
compilation terminated.
configure:8250: $? = 1
configure: failed program was:
| /* confdefs.h */
| #define PACKAGE_NAME "primesieve"
| #define PACKAGE_TARNAME "primesieve"
| #define PACKAGE_VERSION "5.7.3"
| #define PACKAGE_STRING "primesieve 5.7.3"
| #define PACKAGE_BUGREPORT "kim.walisch@gmail.com"
| #define PACKAGE_URL ""
| #define PACKAGE "primesieve"
| #define VERSION "5.7.3"
| /* end confdefs.h.  */
| #include <ac_nonexistent.h>
configure:8279: checking for ANSI C header files
configure:8299: gcc -c -g -O2  conftest.c >&5
configure:8299: $? = 0
configure:8372: gcc -o conftest -g -O2   conftest.c  >&5
configure:8372: $? = 0
configure:8372: ./conftest
configure:8372: $? = 0
configure:8383: result: yes
configure:8396: checking for sys/types.h
configure:8396: gcc -c -g -O2  conftest.c >&5
configure:8396: $? = 0
configure:8396: result: yes
configure:8396: checking for sys/stat.h
configure:8396: gcc -c -g -O2  conftest.c >&5
configure:8396: $? = 0
configure:8396: result: yes
configure:8396: checking for stdlib.h
configure:8396: gcc -c -g -O2  conftest.c >&5
configure:8396: $? = 0
configure:8396: result: yes
configure:8396: checking for string.h
configure:8396: gcc -c -g -O2  conftest.c >&5
configure:8396: $? = 0
configure:8396: result: yes
configure:8396: checking for memory.h
configure:8396: gcc -c -g -O2  conftest.c >&5
configure:8396: $? = 0
configure:8396: result: yes
configure:8396: checking for strings.h
configure:8396: gcc -c -g -O2  conftest.c >&5
configure:8396: $? = 0
configure:8396: result: yes
configure:8396: checking for inttypes.h
configure:8396: gcc -c -g -O2  conftest.c >&5
configure:8396: $? = 0
configure:8396: result: yes
configure:8396: checking for stdint.h
configure:8396: gcc -c -g -O2  conftest.c >&5
configure:8396: $? = 0
configure:8396: result: yes
configure:8396: checking for unistd.h
configure:8396: gcc -c -g -O2  conftest.c >&5
configure:8396: $? = 0
configure:8396: result: yes
configure:8410: checking for dlfcn.h
configure:8410: gcc -c -g -O2  conftest.c >&5
configure:8410: $? = 0
configure:8410: result: yes
configure:8676: checking for objdir
configure:8691: result: .libs
configure:8955: checking if gcc supports -fno-rtti -fno-exceptions
configure:8973: gcc -c -g -O2  -fno-rtti -fno-exceptions conftest.c >&5
cc1: warning: command line option '-fno-rtti' is valid for C++/ObjC++ but not for C
configure:8977: $? = 0
configure:8990: result: no
configure:9348: checking for gcc option to produce PIC
configure:9355: result: -fPIC -DPIC
configure:9363: checking if gcc PIC flag -fPIC -DPIC works
configure:9381: gcc -c -g -O2  -fPIC -DPIC -DPIC conftest.c >&5
configure:9385: $? = 0
configure:9398: result: yes
configure:9427: checking if gcc static flag -static works
configure:9455: result: no
configure:9470: checking if gcc supports -c -o file.o
configure:9491: gcc -c -g -O2  -o out/conftest2.o conftest.c >&5
configure:9495: $? = 0
configure:9517: result: yes
configure:9525: checking if gcc supports -c -o file.o
configure:9572: result: yes
configure:9605: checking whether the gcc linker (/usr/bin/ld -m elf_x86_64) supports shared libraries
configure:10868: result: yes
configure:10905: checking whether -lc should be explicitly linked in
configure:10913: gcc -c -g -O2  conftest.c >&5
configure:10916: $? = 0
configure:10931: gcc -shared  -fPIC -DPIC conftest.o  -v -Wl,-soname -Wl,conftest -o conftest 2\>\&1 \| /usr/bin/grep  -lc  \>/dev/null 2\>\&1
configure:10934: $? = 0
configure:10948: result: no
configure:11108: checking dynamic linker characteristics
configure:11689: gcc -o conftest -g -O2   -Wl,-rpath -Wl,/foo conftest.c  >&5
configure:11689: $? = 0
configure:11938: result: GNU/Linux ld.so
configure:12060: checking how to hardcode library paths into programs
configure:12085: result: immediate
configure:12633: checking whether stripping libraries is possible
configure:12638: result: yes
configure:12673: checking if libtool supports shared libraries
configure:12675: result: yes
configure:12678: checking whether to build shared libraries
configure:12703: result: yes
configure:12706: checking whether to build static libraries
configure:12710: result: yes
configure:12733: checking how to run the C++ preprocessor
configure:12760: g++ -E  conftest.cpp
configure:12760: $? = 0
configure:12774: g++ -E  conftest.cpp
conftest.cpp:23:28: fatal error: ac_nonexistent.h: No such file or directory
 #include <ac_nonexistent.h>
                            ^
compilation terminated.
configure:12774: $? = 1
configure: failed program was:
| /* confdefs.h */
| #define PACKAGE_NAME "primesieve"
| #define PACKAGE_TARNAME "primesieve"
| #define PACKAGE_VERSION "5.7.3"
| #define PACKAGE_STRING "primesieve 5.7.3"
| #define PACKAGE_BUGREPORT "kim.walisch@gmail.com"
| #define PACKAGE_URL ""
| #define PACKAGE "primesieve"
| #define VERSION "5.7.3"
| #define STDC_HEADERS 1
| #define HAVE_SYS_TYPES_H 1
| #define HAVE_SYS_STAT_H 1
| #define HAVE_STDLIB_H 1
| #define HAVE_STRING_H 1
| #define HAVE_MEMORY_H 1
| #define HAVE_STRINGS_H 1
| #define HAVE_INTTYPES_H 1
| #define HAVE_STDINT_H 1
| #define HAVE_UNISTD_H 1
| #define HAVE_DLFCN_H 1
| #define LT_OBJDIR ".libs/"
| /* end confdefs.h.  */
| #include <ac_nonexistent.h>
configure:12799: result: g++ -E
configure:12819: g++ -E  conftest.cpp
configure:12819: $? = 0
configure:12833: g++ -E  conftest.cpp
conftest.cpp:23:28: fatal error: ac_nonexistent.h: No such file or directory
 #include <ac_nonexistent.h>
                            ^
compilation terminated.
configure:12833: $? = 1
configure: failed program was:
| /* confdefs.h */
| #define PACKAGE_NAME "primesieve"
| #define PACKAGE_TARNAME "primesieve"
| #define PACKAGE_VERSION "5.7.3"
| #define PACKAGE_STRING "primesieve 5.7.3"
| #define PACKAGE_BUGREPORT "kim.walisch@gmail.com"
| #define PACKAGE_URL ""
| #define PACKAGE "primesieve"
| #define VERSION "5.7.3"
| #define STDC_HEADERS 1
| #define HAVE_SYS_TYPES_H 1
| #define HAVE_SYS_STAT_H 1
| #define HAVE_STDLIB_H 1
| #define HAVE_STRING_H 1
| #define HAVE_MEMORY_H 1
| #define HAVE_STRINGS_H 1
| #define HAVE_INTTYPES_H 1
| #define HAVE_STDINT_H 1
| #define HAVE_UNISTD_H 1
| #define HAVE_DLFCN_H 1
| #define LT_OBJDIR ".libs/"
| /* end confdefs.h.  */
| #include <ac_nonexistent.h>
configure:12995: checking for ld used by g++
configure:13062: result: /usr/bin/ld -m elf_x86_64
configure:13069: checking if the linker (/usr/bin/ld -m elf_x86_64) is GNU ld
configure:13084: result: yes
configure:13139: checking whether the g++ linker (/usr/bin/ld -m elf_x86_64) supports shared libraries
configure:14212: result: yes
configure:14248: g++ -c -g -O2  conftest.cpp >&5
configure:14251: $? = 0
configure:14732: checking for g++ option to produce PIC
configure:14739: result: -fPIC -DPIC
configure:14747: checking if g++ PIC flag -fPIC -DPIC works
configure:14765: g++ -c -g -O2  -fPIC -DPIC -DPIC conftest.cpp >&5
configure:14769: $? = 0
configure:14782: result: yes
configure:14805: checking if g++ static flag -static works
configure:14833: result: no
configure:14845: checking if g++ supports -c -o file.o
configure:14866: g++ -c -g -O2  -o out/conftest2.o conftest.cpp >&5
configure:14870: $? = 0
configure:14892: result: yes
configure:14897: checking if g++ supports -c -o file.o
configure:14944: result: yes
configure:14974: checking whether the g++ linker (/usr/bin/ld -m elf_x86_64) supports shared libraries
configure:15017: result: yes
configure:15158: checking dynamic linker characteristics
configure:15915: result: GNU/Linux ld.so
configure:15980: checking how to hardcode library paths into programs
configure:16005: result: immediate
configure:16073: checking for doxygen
configure:16103: result: no
configure:16118: checking for dot
configure:16146: result: NO
configure:16161: checking for help2man
configure:16191: result: no
configure:16464: checking that generated files are newer than configure
configure:16470: result: done
configure:16525: creating ./config.status

## ---------------------- ##
## Running config.status. ##
## ---------------------- ##

This file was extended by primesieve config.status 5.7.3, which was
generated by GNU Autoconf 2.69.  Invocation command line was

  CONFIG_FILES    = 
  CONFIG_HEADERS  = 
  CONFIG_LINKS    = 
  CONFIG_COMMANDS = 
  $ ./config.status 

on hal.nikolic.lan

config.status:1171: creating Makefile
config.status:1171: creating primesieve.pc
config.status:1171: creating doc/Doxyfile
config.status:1171: creating config.h
config.status:1400: executing depfiles commands
config.status:1400: executing libtool commands
configure:18941: NOTICE: using L1_DCACHE_SIZE=16 (kilobytes)
configure:18950: NOTICE: using SIEVESIZE=16 (kilobytes)

## ---------------- ##
## Cache variables. ##
## ---------------- ##

ac_cv_build=x86_64-pc-linux-gnu
ac_cv_c_compiler_gnu=yes
ac_cv_cxx_compiler_gnu=yes
ac_cv_env_CCC_set=
ac_cv_env_CCC_value=
ac_cv_env_CC_set=
ac_cv_env_CC_value=
ac_cv_env_CFLAGS_set=
ac_cv_env_CFLAGS_value=
ac_cv_env_CPPFLAGS_set=
ac_cv_env_CPPFLAGS_value=
ac_cv_env_CPP_set=
ac_cv_env_CPP_value=
ac_cv_env_CXXCPP_set=
ac_cv_env_CXXCPP_value=
ac_cv_env_CXXFLAGS_set=
ac_cv_env_CXXFLAGS_value=
ac_cv_env_CXX_set=
ac_cv_env_CXX_value=
ac_cv_env_HELP2MAN_LOCALE_set=
ac_cv_env_HELP2MAN_LOCALE_value=
ac_cv_env_L1_DCACHE_SIZE_set=
ac_cv_env_L1_DCACHE_SIZE_value=
ac_cv_env_LDFLAGS_set=
ac_cv_env_LDFLAGS_value=
ac_cv_env_LIBS_set=
ac_cv_env_LIBS_value=
ac_cv_env_LT_SYS_LIBRARY_PATH_set=
ac_cv_env_LT_SYS_LIBRARY_PATH_value=
ac_cv_env_SIEVESIZE_set=
ac_cv_env_SIEVESIZE_value=
ac_cv_env_build_alias_set=
ac_cv_env_build_alias_value=
ac_cv_env_host_alias_set=
ac_cv_env_host_alias_value=
ac_cv_env_target_alias_set=
ac_cv_env_target_alias_value=
ac_cv_header_dlfcn_h=yes
ac_cv_header_inttypes_h=yes
ac_cv_header_memory_h=yes
ac_cv_header_stdc=yes
ac_cv_header_stdint_h=yes
ac_cv_header_stdlib_h=yes
ac_cv_header_string_h=yes
ac_cv_header_strings_h=yes
ac_cv_header_sys_stat_h=yes
ac_cv_header_sys_types_h=yes
ac_cv_header_unistd_h=yes
ac_cv_host=x86_64-pc-linux-gnu
ac_cv_objext=o
ac_cv_path_EGREP='/usr/bin/grep -E'
ac_cv_path_FGREP='/usr/bin/grep -F'
ac_cv_path_GREP=/usr/bin/grep
ac_cv_path_SED=/usr/bin/sed
ac_cv_path_install='/usr/bin/install -c'
ac_cv_path_lt_DD=/usr/bin/dd
ac_cv_path_mkdir=/usr/bin/mkdir
ac_cv_prog_AWK=gawk
ac_cv_prog_CPP='gcc -E'
ac_cv_prog_CXXCPP='g++ -E'
ac_cv_prog_HAVE_DOT=NO
ac_cv_prog_ac_ct_AR=ar
ac_cv_prog_ac_ct_CC=gcc
ac_cv_prog_ac_ct_CXX=g++
ac_cv_prog_ac_ct_OBJDUMP=objdump
ac_cv_prog_ac_ct_RANLIB=ranlib
ac_cv_prog_ac_ct_STRIP=strip
ac_cv_prog_cc_c89=
ac_cv_prog_cc_g=yes
ac_cv_prog_cxx_g=yes
ac_cv_prog_cxx_openmp=-fopenmp
ac_cv_prog_make_make_set=yes
am_cv_CC_dependencies_compiler_type=gcc3
am_cv_CXX_dependencies_compiler_type=gcc3
am_cv_ar_interface=ar
am_cv_make_support_nested_variables=yes
am_cv_prog_cc_c_o=yes
lt_cv_ar_at_file=@
lt_cv_archive_cmds_need_lc=no
lt_cv_deplibs_check_method=pass_all
lt_cv_file_magic_cmd='$MAGIC_CMD'
lt_cv_file_magic_test_file=
lt_cv_ld_reload_flag=-r
lt_cv_nm_interface='BSD nm'
lt_cv_objdir=.libs
lt_cv_path_LD=/usr/bin/ld
lt_cv_path_LDCXX='/usr/bin/ld -m elf_x86_64'
lt_cv_path_NM='/usr/bin/nm -B'
lt_cv_path_mainfest_tool=no
lt_cv_prog_compiler_c_o=yes
lt_cv_prog_compiler_c_o_CXX=yes
lt_cv_prog_compiler_pic='-fPIC -DPIC'
lt_cv_prog_compiler_pic_CXX='-fPIC -DPIC'
lt_cv_prog_compiler_pic_works=yes
lt_cv_prog_compiler_pic_works_CXX=yes
lt_cv_prog_compiler_rtti_exceptions=no
lt_cv_prog_compiler_static_works=no
lt_cv_prog_compiler_static_works_CXX=no
lt_cv_prog_gnu_ld=yes
lt_cv_prog_gnu_ldcxx=yes
lt_cv_sharedlib_from_linklib_cmd='printf %s\n'
lt_cv_shlibpath_overrides_runpath=no
lt_cv_sys_global_symbol_pipe='sed -n -e '\''s/^.*[	 ]\([ABCDGIRSTW][ABCDGIRSTW]*\)[	 ][	 ]*\([_A-Za-z][_A-Za-z0-9]*\)$/\1 \2 \2/p'\'' | sed '\''/ __gnu_lto/d'\'''
lt_cv_sys_global_symbol_to_c_name_address='sed -n -e '\''s/^: \(.*\) .*$/  {"\1", (void *) 0},/p'\'' -e '\''s/^[ABCDGIRSTW][ABCDGIRSTW]* .* \(.*\)$/  {"\1", (void *) \&\1},/p'\'''
lt_cv_sys_global_symbol_to_c_name_address_lib_prefix='sed -n -e '\''s/^: \(.*\) .*$/  {"\1", (void *) 0},/p'\'' -e '\''s/^[ABCDGIRSTW][ABCDGIRSTW]* .* \(lib.*\)$/  {"\1", (void *) \&\1},/p'\'' -e '\''s/^[ABCDGIRSTW][ABCDGIRSTW]* .* \(.*\)$/  {"lib\1", (void *) \&\1},/p'\'''
lt_cv_sys_global_symbol_to_cdecl='sed -n -e '\''s/^T .* \(.*\)$/extern int \1();/p'\'' -e '\''s/^[ABCDGIRSTW][ABCDGIRSTW]* .* \(.*\)$/extern char \1;/p'\'''
lt_cv_sys_global_symbol_to_import=
lt_cv_sys_max_cmd_len=1572864
lt_cv_to_host_file_cmd=func_convert_file_noop
lt_cv_to_tool_file_cmd=func_convert_file_noop
lt_cv_truncate_bin='/usr/bin/dd bs=4096 count=1'

## ----------------- ##
## Output variables. ##
## ----------------- ##

ACLOCAL='${SHELL} /home/dgn/euler_project/p3/primesieve-5.7.3/missing aclocal-1.15'
AMDEPBACKSLASH='\'
AMDEP_FALSE='#'
AMDEP_TRUE=''
AMTAR='$${TAR-tar}'
AM_BACKSLASH='\'
AM_DEFAULT_V='$(AM_DEFAULT_VERBOSITY)'
AM_DEFAULT_VERBOSITY='0'
AM_V='$(V)'
AR='ar'
AR_FLAGS='cr'
AUTOCONF='${SHELL} /home/dgn/euler_project/p3/primesieve-5.7.3/missing autoconf'
AUTOHEADER='${SHELL} /home/dgn/euler_project/p3/primesieve-5.7.3/missing autoheader'
AUTOMAKE='${SHELL} /home/dgn/euler_project/p3/primesieve-5.7.3/missing automake-1.15'
AWK='gawk'
CC='gcc'
CCDEPMODE='depmode=gcc3'
CFLAGS='-g -O2'
CPP='gcc -E'
CPPFLAGS=''
CXX='g++'
CXXCPP='g++ -E'
CXXDEPMODE='depmode=gcc3'
CXXFLAGS='-g -O2'
CYGPATH_W='echo'
DEFS='-DHAVE_CONFIG_H'
DEPDIR='.deps'
DLLTOOL='false'
DOXYGEN=''
DSYMUTIL=''
DUMPBIN=''
ECHO_C=''
ECHO_N='-n'
ECHO_T=''
EGREP='/usr/bin/grep -E'
EXEEXT=''
FGREP='/usr/bin/grep -F'
FORCE_SHARED_LIBRARY_FALSE=''
FORCE_SHARED_LIBRARY_TRUE='#'
GREP='/usr/bin/grep'
HAVE_DOT='NO'
HAVE_DOXYGEN_FALSE=''
HAVE_DOXYGEN_TRUE='#'
HAVE_HELP2MAN_FALSE=''
HAVE_HELP2MAN_TRUE='#'
HELP2MAN=''
HELP2MAN_LOCALE=''
INSTALL_DATA='${INSTALL} -m 644'
INSTALL_PROGRAM='${INSTALL}'
INSTALL_SCRIPT='${INSTALL}'
INSTALL_STRIP_PROGRAM='$(install_sh) -c -s'
L1_DCACHE_SIZE='16'
LD='/usr/bin/ld -m elf_x86_64'
LDFLAGS=''
LIBOBJS=''
LIBS=''
LIBTOOL='$(SHELL) $(top_builddir)/libtool'
LIPO=''
LN_S='ln -s'
LTLIBOBJS=''
LT_SYS_LIBRARY_PATH=''
MAINT='#'
MAINTAINER_MODE_FALSE=''
MAINTAINER_MODE_TRUE='#'
MAKEINFO='${SHELL} /home/dgn/euler_project/p3/primesieve-5.7.3/missing makeinfo'
MAKE_EXAMPLES_FALSE=''
MAKE_EXAMPLES_TRUE='#'
MANIFEST_TOOL=':'
MKDIR_P='/usr/bin/mkdir -p'
NM='/usr/bin/nm -B'
NMEDIT=''
OBJDUMP='objdump'
OBJEXT='o'
OPENMP_CXXFLAGS='-fopenmp'
OTOOL64=''
OTOOL=''
PACKAGE='primesieve'
PACKAGE_BUGREPORT='kim.walisch@gmail.com'
PACKAGE_NAME='primesieve'
PACKAGE_STRING='primesieve 5.7.3'
PACKAGE_TARNAME='primesieve'
PACKAGE_URL=''
PACKAGE_VERSION='5.7.3'
PATH_SEPARATOR=':'
RANLIB='ranlib'
SED='/usr/bin/sed'
SET_MAKE=''
SHELL='/bin/sh'
SIEVESIZE='16'
STRIP='strip'
VERSION='5.7.3'
ac_ct_AR='ar'
ac_ct_CC='gcc'
ac_ct_CXX='g++'
ac_ct_DUMPBIN=''
am__EXEEXT_FALSE=''
am__EXEEXT_TRUE='#'
am__fastdepCC_FALSE='#'
am__fastdepCC_TRUE=''
am__fastdepCXX_FALSE='#'
am__fastdepCXX_TRUE=''
am__include='include'
am__isrc=''
am__leading_dot='.'
am__nodep='_no'
am__quote=''
am__tar='$${TAR-tar} chof - "$$tardir"'
am__untar='$${TAR-tar} xf -'
bindir='${exec_prefix}/bin'
build='x86_64-pc-linux-gnu'
build_alias=''
build_cpu='x86_64'
build_os='linux-gnu'
build_vendor='pc'
datadir='${datarootdir}'
datarootdir='${prefix}/share'
docdir='${datarootdir}/doc/${PACKAGE_TARNAME}'
dvidir='${docdir}'
exec_prefix='${prefix}'
host='x86_64-pc-linux-gnu'
host_alias=''
host_cpu='x86_64'
host_os='linux-gnu'
host_vendor='pc'
htmldir='${docdir}'
includedir='${prefix}/include'
infodir='${datarootdir}/info'
install_sh='${SHELL} /home/dgn/euler_project/p3/primesieve-5.7.3/install-sh'
libdir='${exec_prefix}/lib'
libexecdir='${exec_prefix}/libexec'
localedir='${datarootdir}/locale'
localstatedir='${prefix}/var'
mandir='${datarootdir}/man'
mkdir_p='$(MKDIR_P)'
oldincludedir='/usr/include'
pdfdir='${docdir}'
prefix='/usr/local'
primesieve_lib_version='7:3:0'
program_transform_name='s,x,x,'
psdir='${docdir}'
runstatedir='${localstatedir}/run'
sbindir='${exec_prefix}/sbin'
sharedstatedir='${prefix}/com'
sysconfdir='${prefix}/etc'
target_alias=''

## ----------- ##
## confdefs.h. ##
## ----------- ##

/* confdefs.h */
#define PACKAGE_NAME "primesieve"
#define PACKAGE_TARNAME "primesieve"
#define PACKAGE_VERSION "5.7.3"
#define PACKAGE_STRING "primesieve 5.7.3"
#define PACKAGE_BUGREPORT "kim.walisch@gmail.com"
#define PACKAGE_URL ""
#define PACKAGE "primesieve"
#define VERSION "5.7.3"
#define STDC_HEADERS 1
#define HAVE_SYS_TYPES_H 1
#define HAVE_SYS_STAT_H 1
#define HAVE_STDLIB_H 1
#define HAVE_STRING_H 1
#define HAVE_MEMORY_H 1
#define HAVE_STRINGS_H 1
#define HAVE_INTTYPES_H 1
#define HAVE_STDINT_H 1
#define HAVE_UNISTD_H 1
#define HAVE_DLFCN_H 1
#define LT_OBJDIR ".libs/"
#define L1_DCACHE_SIZE 16
#define SIEVESIZE 16

configure: exit 0
